<?xml version="1.0" encoding="UTF-8"?>
<testsuite xmlns:xsi="http://www.w3.org/2001/XMLSchema-instance" xsi:noNamespaceSchemaLocation="https://maven.apache.org/surefire/maven-surefire-plugin/xsd/surefire-test-report-3.0.xsd" version="3.0" name="project.rider1" time="28.106" tests="4" errors="0" skipped="3" failures="1">
  <properties>
[...]
</properties>
  <testcase name="Before" classname="project.rider1" time="27.835">
    <failure message="Unable to create a new remote session. Please check the server log for more details. Original error: An unknown server-side error occurred while processing the command. Original error: Could not find a connected Android device in 21221ms.&#10;Build info: version: &apos;3.141.59&apos;, revision: &apos;e82be7d358&apos;, time: &apos;2018-11-14T08:17:03&apos;&#10;System info: host: &apos;DESKTOP-OD4QQKM&apos;, ip: &apos;192.168.29.170&apos;, os.name: &apos;Windows 11&apos;, os.arch: &apos;amd64&apos;, os.version: &apos;10.0&apos;, java.version: &apos;21.0.1&apos;&#10;Driver info: driver.version: AndroidDriver&#10;remote stacktrace: UnknownError: An unknown server-side error occurred while processing the command. Original error: Could not find a connected Android device in 21221ms.&#10;    at getResponseForW3CError (C:\Users\SMART PC\AppData\Roaming\npm\node_modules\appium\node_modules\appium-base-driver\lib\protocol\errors.js:804:9)&#10;    at asyncHandler (C:\Users\SMART PC\AppData\Roaming\npm\node_modules\appium\node_modules\appium-base-driver\lib\protocol\protocol.js:392:37)&#10;Build info: version: &apos;3.141.59&apos;, revision: &apos;e82be7d358&apos;, time: &apos;2018-11-14T08:17:03&apos;&#10;System info: host: &apos;DESKTOP-OD4QQKM&apos;, ip: &apos;192.168.29.170&apos;, os.name: &apos;Windows 11&apos;, os.arch: &apos;amd64&apos;, os.version: &apos;10.0&apos;, java.version: &apos;21.0.1&apos;&#10;Driver info: driver.version: AndroidDriver" type="org.openqa.selenium.SessionNotCreatedException"><![CDATA[org.openqa.selenium.SessionNotCreatedException: 
Unable to create a new remote session. Please check the server log for more details. Original error: An unknown server-side error occurred while processing the command. Original error: Could not find a connected Android device in 21221ms.
Build info: version: '3.141.59', revision: 'e82be7d358', time: '2018-11-14T08:17:03'
System info: host: 'DESKTOP-OD4QQKM', ip: '192.168.29.170', os.name: 'Windows 11', os.arch: 'amd64', os.version: '10.0', java.version: '21.0.1'
Driver info: driver.version: AndroidDriver
remote stacktrace: UnknownError: An unknown server-side error occurred while processing the command. Original error: Could not find a connected Android device in 21221ms.
    at getResponseForW3CError (C:\Users\SMART PC\AppData\Roaming\npm\node_modules\appium\node_modules\appium-base-driver\lib\protocol\errors.js:804:9)
    at asyncHandler (C:\Users\SMART PC\AppData\Roaming\npm\node_modules\appium\node_modules\appium-base-driver\lib\protocol\protocol.js:392:37)
Build info: version: '3.141.59', revision: 'e82be7d358', time: '2018-11-14T08:17:03'
System info: host: 'DESKTOP-OD4QQKM', ip: '192.168.29.170', os.name: 'Windows 11', os.arch: 'amd64', os.version: '10.0', java.version: '21.0.1'
Driver info: driver.version: AndroidDriver
	at project.rider1.Before(rider1.java:28)
Caused by: java.lang.reflect.InvocationTargetException
	at project.rider1.Before(rider1.java:28)
Caused by: org.openqa.selenium.WebDriverException: 
An unknown server-side error occurred while processing the command. Original error: Could not find a connected Android device in 21221ms.
Build info: version: '3.141.59', revision: 'e82be7d358', time: '2018-11-14T08:17:03'
System info: host: 'DESKTOP-OD4QQKM', ip: '192.168.29.170', os.name: 'Windows 11', os.arch: 'amd64', os.version: '10.0', java.version: '21.0.1'
Driver info: driver.version: AndroidDriver
remote stacktrace: UnknownError: An unknown server-side error occurred while processing the command. Original error: Could not find a connected Android device in 21221ms.
    at getResponseForW3CError (C:\Users\SMART PC\AppData\Roaming\npm\node_modules\appium\node_modules\appium-base-driver\lib\protocol\errors.js:804:9)
    at asyncHandler (C:\Users\SMART PC\AppData\Roaming\npm\node_modules\appium\node_modules\appium-base-driver\lib\protocol\protocol.js:392:37)
	at project.rider1.Before(rider1.java:28)
]]></failure>
    <system-out><![CDATA[(node:10596) [DEP0128] DeprecationWarning: Invalid 'main' field in 'C:\Users\SMART PC\AppData\Roaming\npm\node_modules\appium\node_modules\mjpeg-server\package.json' of './lib/mpegserver'. Please either fix that or report it to the module author
(Use `node --trace-deprecation ...` to show where the warning was created)
&amp#27;[35m[Appium]&amp#27;[39m Welcome to Appium v1.17.1
&amp#27;[35m[Appium]&amp#27;[39m Appium REST http interface listener started on 0.0.0.0:4723
&amp#27;[35m[HTTP]&amp#27;[39m &amp#27;[37m-->&amp#27;[39m &amp#27;[37mGET&amp#27;[39m &amp#27;[37m/wd/hub/status&amp#27;[39m
&amp#27;[35m[HTTP]&amp#27;[39m &amp#27;[90m{}&amp#27;[39m
[debug] &amp#27;[35m[GENERIC]&amp#27;[39m Calling AppiumDriver.getStatus() with args: []
[debug] &amp#27;[35m[GENERIC]&amp#27;[39m Responding to client with driver.getStatus() result: {"build":{"version":"1.17.1"}}
&amp#27;[35m[HTTP]&amp#27;[39m &amp#27;[37m<-- GET /wd/hub/status &amp#27;[39m&amp#27;[32m200&amp#27;[39m &amp#27;[90m12 ms - 68&amp#27;[39m
&amp#27;[35m[HTTP]&amp#27;[39m &amp#27;[90m&amp#27;[39m
&amp#27;[35m[HTTP]&amp#27;[39m &amp#27;[37m-->&amp#27;[39m &amp#27;[37mPOST&amp#27;[39m &amp#27;[37m/wd/hub/session&amp#27;[39m
&amp#27;[35m[HTTP]&amp#27;[39m &amp#27;[90m{"desiredCapabilities":{"appActivity":"com.forbinary.banjararide.MainActivity","appPackage":"com.forbinary.banjararide","automationName":"UIAutomator2","noReset":true,"platformName":"Android","deviceName":"Aashi"},"capabilities":{"firstMatch":[{"appium:appActivity":"com.forbinary.banjararide.MainActivity","appium:appPackage":"com.forbinary.banjararide","appium:automationName":"UIAutomator2","appium:deviceName":"Aashi","appium:noReset":true,"platformName":"android"}]}}&amp#27;[39m
[debug] &amp#27;[35m[W3C]&amp#27;[39m Calling AppiumDriver.createSession() with args: [{"appActivity":"com.forbinary.banjararide.MainActivity","appPackage":"com.forbinary.banjararide","automationName":"UIAutomator2","noReset":true,"platformName":"Android","deviceName":"Aashi"},null,{"firstMatch":[{"appium:appActivity":"com.forbinary.banjararide.MainActivity","appium:appPackage":"com.forbinary.banjararide","appium:automationName":"UIAutomator2","appium:deviceName":"Aashi","appium:noReset":true,"platformName":"android"}]}]
[debug] &amp#27;[35m[BaseDriver]&amp#27;[39m Event 'newSessionRequested' logged at 1708105265088 (23:11:05 GMT+0530 (India Standard Time))
&amp#27;[35m[Appium]&amp#27;[39m Appium v1.17.1 creating new AndroidUiautomator2Driver (v1.44.2) session
[debug] &amp#27;[35m[BaseDriver]&amp#27;[39m W3C capabilities and MJSONWP desired capabilities were provided
[debug] &amp#27;[35m[BaseDriver]&amp#27;[39m Creating session with W3C capabilities: {
[debug] &amp#27;[35m[BaseDriver]&amp#27;[39m   "alwaysMatch": {
[debug] &amp#27;[35m[BaseDriver]&amp#27;[39m     "platformName": "android",
[debug] &amp#27;[35m[BaseDriver]&amp#27;[39m     "appium:appActivity": "com.forbinary.banjararide.MainActivity",
[debug] &amp#27;[35m[BaseDriver]&amp#27;[39m     "appium:appPackage": "com.forbinary.banjararide",
[debug] &amp#27;[35m[BaseDriver]&amp#27;[39m     "appium:automationName": "UIAutomator2",
[debug] &amp#27;[35m[BaseDriver]&amp#27;[39m     "appium:deviceName": "Aashi",
[debug] &amp#27;[35m[BaseDriver]&amp#27;[39m     "appium:noReset": true
[debug] &amp#27;[35m[BaseDriver]&amp#27;[39m   },
[debug] &amp#27;[35m[BaseDriver]&amp#27;[39m   "firstMatch": [
[debug] &amp#27;[35m[BaseDriver]&amp#27;[39m     {}
[debug] &amp#27;[35m[BaseDriver]&amp#27;[39m   ]
[debug] &amp#27;[35m[BaseDriver]&amp#27;[39m }
&amp#27;[35m[BaseDriver]&amp#27;[39m Session created with session id: 7e9bb791-ac82-4516-8ae9-ccece3183326
&amp#27;[35m[UiAutomator2]&amp#27;[39m Starting 'com.forbinary.banjararide' directly on the device
&amp#27;[35m[ADB]&amp#27;[39m Found 1 'build-tools' folders under 'C:\Users\SMART PC\AppData\Local\Android\Sdk' (newest first):
&amp#27;[35m[ADB]&amp#27;[39m     C:/Users/SMART PC/AppData/Local/Android/Sdk/build-tools/34.0.0
&amp#27;[35m[ADB]&amp#27;[39m Using 'adb.exe' from 'C:\Users\SMART PC\AppData\Local\Android\Sdk\platform-tools\adb.exe'
&amp#27;[35m[AndroidDriver]&amp#27;[39m Retrieving device list
[debug] &amp#27;[35m[ADB]&amp#27;[39m Trying to find a connected android device
[debug] &amp#27;[35m[ADB]&amp#27;[39m Getting connected devices...
[debug] &amp#27;[35m[ADB]&amp#27;[39m No connected devices have been detected
[debug] &amp#27;[35m[ADB]&amp#27;[39m Could not find devices, restarting adb server...
[debug] &amp#27;[35m[ADB]&amp#27;[39m Restarting adb
[debug] &amp#27;[35m[ADB]&amp#27;[39m Killing adb server on port '5037'
[debug] &amp#27;[35m[ADB]&amp#27;[39m Running 'C:\Users\SMART PC\AppData\Local\Android\Sdk\platform-tools\adb.exe -P 5037 kill-server'
[debug] &amp#27;[35m[ADB]&amp#27;[39m Getting connected devices...
[debug] &amp#27;[35m[ADB]&amp#27;[39m No connected devices have been detected
[debug] &amp#27;[35m[ADB]&amp#27;[39m Could not find devices, restarting adb server...
[debug] &amp#27;[35m[ADB]&amp#27;[39m Restarting adb
[debug] &amp#27;[35m[ADB]&amp#27;[39m Killing adb server on port '5037'
[debug] &amp#27;[35m[ADB]&amp#27;[39m Running 'C:\Users\SMART PC\AppData\Local\Android\Sdk\platform-tools\adb.exe -P 5037 kill-server'
[debug] &amp#27;[35m[ADB]&amp#27;[39m Getting connected devices...
[debug] &amp#27;[35m[ADB]&amp#27;[39m No connected devices have been detected
[debug] &amp#27;[35m[ADB]&amp#27;[39m Could not find devices, restarting adb server...
[debug] &amp#27;[35m[ADB]&amp#27;[39m Restarting adb
[debug] &amp#27;[35m[ADB]&amp#27;[39m Killing adb server on port '5037'
[debug] &amp#27;[35m[ADB]&amp#27;[39m Running 'C:\Users\SMART PC\AppData\Local\Android\Sdk\platform-tools\adb.exe -P 5037 kill-server'
[debug] &amp#27;[35m[ADB]&amp#27;[39m Getting connected devices...
[debug] &amp#27;[35m[ADB]&amp#27;[39m No connected devices have been detected
[debug] &amp#27;[35m[ADB]&amp#27;[39m Could not find devices, restarting adb server...
[debug] &amp#27;[35m[ADB]&amp#27;[39m Restarting adb
[debug] &amp#27;[35m[ADB]&amp#27;[39m Killing adb server on port '5037'
[debug] &amp#27;[35m[ADB]&amp#27;[39m Running 'C:\Users\SMART PC\AppData\Local\Android\Sdk\platform-tools\adb.exe -P 5037 kill-server'
[debug] &amp#27;[35m[ADB]&amp#27;[39m Getting connected devices...
[debug] &amp#27;[35m[ADB]&amp#27;[39m No connected devices have been detected
[debug] &amp#27;[35m[ADB]&amp#27;[39m Could not find devices, restarting adb server...
[debug] &amp#27;[35m[ADB]&amp#27;[39m Restarting adb
[debug] &amp#27;[35m[ADB]&amp#27;[39m Killing adb server on port '5037'
[debug] &amp#27;[35m[ADB]&amp#27;[39m Running 'C:\Users\SMART PC\AppData\Local\Android\Sdk\platform-tools\adb.exe -P 5037 kill-server'
[debug] &amp#27;[35m[ADB]&amp#27;[39m Getting connected devices...
[debug] &amp#27;[35m[ADB]&amp#27;[39m No connected devices have been detected
[debug] &amp#27;[35m[ADB]&amp#27;[39m Could not find devices, restarting adb server...
[debug] &amp#27;[35m[ADB]&amp#27;[39m Restarting adb
[debug] &amp#27;[35m[ADB]&amp#27;[39m Killing adb server on port '5037'
[debug] &amp#27;[35m[ADB]&amp#27;[39m Running 'C:\Users\SMART PC\AppData\Local\Android\Sdk\platform-tools\adb.exe -P 5037 kill-server'
[debug] &amp#27;[35m[ADB]&amp#27;[39m Getting connected devices...
[debug] &amp#27;[35m[ADB]&amp#27;[39m No connected devices have been detected
[debug] &amp#27;[35m[ADB]&amp#27;[39m Could not find devices, restarting adb server...
[debug] &amp#27;[35m[ADB]&amp#27;[39m Restarting adb
[debug] &amp#27;[35m[ADB]&amp#27;[39m Killing adb server on port '5037'
[debug] &amp#27;[35m[ADB]&amp#27;[39m Running 'C:\Users\SMART PC\AppData\Local\Android\Sdk\platform-tools\adb.exe -P 5037 kill-server'
[debug] &amp#27;[35m[ADB]&amp#27;[39m Getting connected devices...
[debug] &amp#27;[35m[ADB]&amp#27;[39m No connected devices have been detected
[debug] &amp#27;[35m[ADB]&amp#27;[39m Could not find devices, restarting adb server...
[debug] &amp#27;[35m[ADB]&amp#27;[39m Restarting adb
[debug] &amp#27;[35m[ADB]&amp#27;[39m Killing adb server on port '5037'
[debug] &amp#27;[35m[ADB]&amp#27;[39m Running 'C:\Users\SMART PC\AppData\Local\Android\Sdk\platform-tools\adb.exe -P 5037 kill-server'
[debug] &amp#27;[35m[ADB]&amp#27;[39m Getting connected devices...
[debug] &amp#27;[35m[ADB]&amp#27;[39m No connected devices have been detected
[debug] &amp#27;[35m[ADB]&amp#27;[39m Could not find devices, restarting adb server...
[debug] &amp#27;[35m[ADB]&amp#27;[39m Restarting adb
[debug] &amp#27;[35m[ADB]&amp#27;[39m Killing adb server on port '5037'
[debug] &amp#27;[35m[ADB]&amp#27;[39m Running 'C:\Users\SMART PC\AppData\Local\Android\Sdk\platform-tools\adb.exe -P 5037 kill-server'
[debug] &amp#27;[35m[UiAutomator2]&amp#27;[39m Deleting UiAutomator2 session
[debug] &amp#27;[35m[BaseDriver]&amp#27;[39m Event 'newSessionStarted' logged at 1708105286706 (23:11:26 GMT+0530 (India Standard Time))
[debug] &amp#27;[35m[W3C]&amp#27;[39m Encountered internal error running command: Error: Could not find a connected Android device in 21221ms.
[debug] &amp#27;[35m[W3C]&amp#27;[39m     at getDevices (C:\Users\SMART PC\AppData\Roaming\npm\node_modules\appium\node_modules\appium-adb\lib\tools\system-calls.js:211:13)
[debug] &amp#27;[35m[W3C]&amp#27;[39m     at getDevices (C:\Users\SMART PC\AppData\Roaming\npm\node_modules\appium\node_modules\appium-adb\lib\tools\system-calls.js:224:18)
[debug] &amp#27;[35m[W3C]&amp#27;[39m     at getDevices (C:\Users\SMART PC\AppData\Roaming\npm\node_modules\appium\node_modules\appium-adb\lib\tools\system-calls.js:224:12)
[debug] &amp#27;[35m[W3C]&amp#27;[39m     at getDevices (C:\Users\SMART PC\AppData\Roaming\npm\node_modules\appium\node_modules\appium-adb\lib\tools\system-calls.js:224:12)
[debug] &amp#27;[35m[W3C]&amp#27;[39m     at getDevices (C:\Users\SMART PC\AppData\Roaming\npm\node_modules\appium\node_modules\appium-adb\lib\tools\system-calls.js:224:12)
[debug] &amp#27;[35m[W3C]&amp#27;[39m     at getDevices (C:\Users\SMART PC\AppData\Roaming\npm\node_modules\appium\node_modules\appium-adb\lib\tools\system-calls.js:224:12)
[debug] &amp#27;[35m[W3C]&amp#27;[39m     at getDevices (C:\Users\SMART PC\AppData\Roaming\npm\node_modules\appium\node_modules\appium-adb\lib\tools\system-calls.js:224:12)
[debug] &amp#27;[35m[W3C]&amp#27;[39m     at getDevices (C:\Users\SMART PC\AppData\Roaming\npm\node_modules\appium\node_modules\appium-adb\lib\tools\system-calls.js:224:12)
[debug] &amp#27;[35m[W3C]&amp#27;[39m     at getDevices (C:\Users\SMART PC\AppData\Roaming\npm\node_modules\appium\node_modules\appium-adb\lib\tools\system-calls.js:224:12)
[debug] &amp#27;[35m[W3C]&amp#27;[39m     at getDevices (C:\Users\SMART PC\AppData\Roaming\npm\node_modules\appium\node_modules\appium-adb\lib\tools\system-calls.js:224:12)
[debug] &amp#27;[35m[W3C]&amp#27;[39m     at ADB.getDevicesWithRetry (C:\Users\SMART PC\AppData\Roaming\npm\node_modules\appium\node_modules\appium-adb\lib\tools\system-calls.js:226:10)
[debug] &amp#27;[35m[W3C]&amp#27;[39m     at Object.getDeviceInfoFromCaps (C:\Users\SMART PC\AppData\Roaming\npm\node_modules\appium\node_modules\appium-android-driver\lib\android-helpers.js:180:19)
[debug] &amp#27;[35m[W3C]&amp#27;[39m     at AndroidUiautomator2Driver.startUiAutomator2Session (C:\Users\SMART PC\AppData\Roaming\npm\node_modules\appium\node_modules\appium-uiautomator2-driver\lib\driver.js:290:26)
[debug] &amp#27;[35m[W3C]&amp#27;[39m     at AndroidUiautomator2Driver.createSession (C:\Users\SMART PC\AppData\Roaming\npm\node_modules\appium\node_modules\appium-uiautomator2-driver\lib\driver.js:212:7)
[debug] &amp#27;[35m[W3C]&amp#27;[39m     at AppiumDriver.createSession (C:\Users\SMART PC\AppData\Roaming\npm\node_modules\appium\lib\appium.js:358:35)
[debug] &amp#27;[35m[W3C]&amp#27;[39m Destroying socket connection
&amp#27;[35m[HTTP]&amp#27;[39m &amp#27;[37m<-- POST /wd/hub/session &amp#27;[39m&amp#27;[31m500&amp#27;[39m &amp#27;[90m21780 ms - 673&amp#27;[39m
&amp#27;[35m[HTTP]&amp#27;[39m &amp#27;[90m&amp#27;[39m
]]></system-out>
    <system-err><![CDATA[SLF4J: No SLF4J providers were found.
SLF4J: Defaulting to no-operation (NOP) logger implementation
SLF4J: See https://www.slf4j.org/codes.html#noProviders for further details.
]]></system-err>
  </testcase>
  <testcase name="ts1" classname="project.rider1" time="0">
    <skipped message="Unable to create a new remote session. Please check the server log for more details. Original error: An unknown server-side error occurred while processing the command. Original error: Could not find a connected Android device in 21221ms.&#10;Build info: version: &apos;3.141.59&apos;, revision: &apos;e82be7d358&apos;, time: &apos;2018-11-14T08:17:03&apos;&#10;System info: host: &apos;DESKTOP-OD4QQKM&apos;, ip: &apos;192.168.29.170&apos;, os.name: &apos;Windows 11&apos;, os.arch: &apos;amd64&apos;, os.version: &apos;10.0&apos;, java.version: &apos;21.0.1&apos;&#10;Driver info: driver.version: AndroidDriver&#10;remote stacktrace: UnknownError: An unknown server-side error occurred while processing the command. Original error: Could not find a connected Android device in 21221ms.&#10;    at getResponseForW3CError (C:\Users\SMART PC\AppData\Roaming\npm\node_modules\appium\node_modules\appium-base-driver\lib\protocol\errors.js:804:9)&#10;    at asyncHandler (C:\Users\SMART PC\AppData\Roaming\npm\node_modules\appium\node_modules\appium-base-driver\lib\protocol\protocol.js:392:37)&#10;Build info: version: &apos;3.141.59&apos;, revision: &apos;e82be7d358&apos;, time: &apos;2018-11-14T08:17:03&apos;&#10;System info: host: &apos;DESKTOP-OD4QQKM&apos;, ip: &apos;192.168.29.170&apos;, os.name: &apos;Windows 11&apos;, os.arch: &apos;amd64&apos;, os.version: &apos;10.0&apos;, java.version: &apos;21.0.1&apos;&#10;Driver info: driver.version: AndroidDriver"/>
  </testcase>
  <testcase name="ts2" classname="project.rider1" time="0">
    <skipped message="Unable to create a new remote session. Please check the server log for more details. Original error: An unknown server-side error occurred while processing the command. Original error: Could not find a connected Android device in 21221ms.&#10;Build info: version: &apos;3.141.59&apos;, revision: &apos;e82be7d358&apos;, time: &apos;2018-11-14T08:17:03&apos;&#10;System info: host: &apos;DESKTOP-OD4QQKM&apos;, ip: &apos;192.168.29.170&apos;, os.name: &apos;Windows 11&apos;, os.arch: &apos;amd64&apos;, os.version: &apos;10.0&apos;, java.version: &apos;21.0.1&apos;&#10;Driver info: driver.version: AndroidDriver&#10;remote stacktrace: UnknownError: An unknown server-side error occurred while processing the command. Original error: Could not find a connected Android device in 21221ms.&#10;    at getResponseForW3CError (C:\Users\SMART PC\AppData\Roaming\npm\node_modules\appium\node_modules\appium-base-driver\lib\protocol\errors.js:804:9)&#10;    at asyncHandler (C:\Users\SMART PC\AppData\Roaming\npm\node_modules\appium\node_modules\appium-base-driver\lib\protocol\protocol.js:392:37)&#10;Build info: version: &apos;3.141.59&apos;, revision: &apos;e82be7d358&apos;, time: &apos;2018-11-14T08:17:03&apos;&#10;System info: host: &apos;DESKTOP-OD4QQKM&apos;, ip: &apos;192.168.29.170&apos;, os.name: &apos;Windows 11&apos;, os.arch: &apos;amd64&apos;, os.version: &apos;10.0&apos;, java.version: &apos;21.0.1&apos;&#10;Driver info: driver.version: AndroidDriver"/>
  </testcase>
  <testcase name="tst3" classname="project.rider1" time="0">
    <skipped message="Unable to create a new remote session. Please check the server log for more details. Original error: An unknown server-side error occurred while processing the command. Original error: Could not find a connected Android device in 21221ms.&#10;Build info: version: &apos;3.141.59&apos;, revision: &apos;e82be7d358&apos;, time: &apos;2018-11-14T08:17:03&apos;&#10;System info: host: &apos;DESKTOP-OD4QQKM&apos;, ip: &apos;192.168.29.170&apos;, os.name: &apos;Windows 11&apos;, os.arch: &apos;amd64&apos;, os.version: &apos;10.0&apos;, java.version: &apos;21.0.1&apos;&#10;Driver info: driver.version: AndroidDriver&#10;remote stacktrace: UnknownError: An unknown server-side error occurred while processing the command. Original error: Could not find a connected Android device in 21221ms.&#10;    at getResponseForW3CError (C:\Users\SMART PC\AppData\Roaming\npm\node_modules\appium\node_modules\appium-base-driver\lib\protocol\errors.js:804:9)&#10;    at asyncHandler (C:\Users\SMART PC\AppData\Roaming\npm\node_modules\appium\node_modules\appium-base-driver\lib\protocol\protocol.js:392:37)&#10;Build info: version: &apos;3.141.59&apos;, revision: &apos;e82be7d358&apos;, time: &apos;2018-11-14T08:17:03&apos;&#10;System info: host: &apos;DESKTOP-OD4QQKM&apos;, ip: &apos;192.168.29.170&apos;, os.name: &apos;Windows 11&apos;, os.arch: &apos;amd64&apos;, os.version: &apos;10.0&apos;, java.version: &apos;21.0.1&apos;&#10;Driver info: driver.version: AndroidDriver"/>
  </testcase>
</testsuite>